<?xml version="1.0" encoding="UTF-8"?>
<!-- Generated by org.testng.reporters.JUnitReportReporter -->
<testsuite skipped="1" hostname="LM-SFA-11013904" name="listeners.TestNGListenerDemo2" tests="3" failures="0" timestamp="22 Jul 2019 19:25:04 GMT" time="0.007" errors="0">
  <testcase name="test3" time="0.003" classname="listeners.TestNGListenerDemo2">
    <skipped/>
  </testcase> <!-- test3 -->
  <testcase name="test2" time="0.002" classname="listeners.TestNGListenerDemo2"/>
  <testcase name="test1" time="0.002" classname="listeners.TestNGListenerDemo2"/>
</testsuite> <!-- listeners.TestNGListenerDemo2 -->
